


ARM Macro Assembler    Page 1 


    1 00000000                 AREA             Init ,CODE ,READONLY
    2 00000000                 PRESERVE8
    3 00000000                 IMPORT           |Image$$ER_ROM1$$RO$$Limit|
    4 00000000                 IMPORT           |Image$$RW_RAM1$$RW$$Base| ; Ba
                                                            se of RAM to initia
                                                            lise
    5 00000000                 IMPORT           |Image$$RW_RAM1$$ZI$$Base| ; Ba
                                                            se and limit of are
                                                            a
    6 00000000                 IMPORT           |Image$$RW_RAM1$$ZI$$Limit| ; t
                                                            o zero initialise
    7 00000000                 ENTRY
    8 00000000         
    9 00000000 EA000006        b                reset
   10 00000004 EA00001C        b                halt
   11 00000008 EA00001B        b                halt
   12 0000000C EA00001A        b                halt
   13 00000010 EA000019        b                halt
   14 00000014 EA000018        b                halt
   15 00000018 EA000013        b                _irq
   16 0000001C EA000016        b                halt
   17 00000020         
   18 00000020         reset
   19 00000020 E59FD068        ldr              sp,= (0x32000000+0x100000)
   20 00000024         ;close watchdog
   21 00000024 E3A00453        LDR              R0, = 0x53000000
   22 00000028 E3A01000        LDR              R1, = 0x0
   23 0000002C E5801000        STR              R1, [R0]
   24 00000030         
   25 00000030 E3A00053        mov              r0, #0x53
   26 00000034 E12FF000        msr              CPSR_cxsf, r0
   27 00000038         
   28 00000038 E59F0040        ldr              r0, TopOfROM
   29 0000003C E59F2040        ldr              r2, BaseOfBSS
   30 00000040 E59F3040        ldr              r3, BaseOfZero
   31 00000044         0
   32 00000044 E1520003        cmp              r2, r3
   33 00000048 34901004        ldrcc            r1, [r0], #4
   34 0000004C 34821004        strcc            r1, [r2], #4
   35 00000050 3AFFFFFB        bcc              %B0
   36 00000054         
   37 00000054 E3A00000        mov              r0, #0
   38 00000058 E59F302C        ldr              r3, EndOfBSS
   39 0000005C         1
   40 0000005C E1520003        cmp              r2, r3
   41 00000060 34820004        strcc            r0, [r2], #4
   42 00000064 3AFFFFFC        bcc              %B1
   43 00000068         
   44 00000068         ; IMPORT clock_init
   45 00000068         ; bl clock_init
   46 00000068         
   47 00000068                 IMPORT           Main
   48 00000068 EBFFFFFE        bl               Main
   49 0000006C         
   50 0000006C         _irq
   51 0000006C E59FD020        ldr              sp, =(0x31000000+0x100000)
   52 00000070 E92D5FFF        stmdb            sp!, {r0-r12, lr}
   53 00000074                 IMPORT           do_irq
   54 00000074 EBFFFFFE        bl               do_irq



ARM Macro Assembler    Page 2 


   55 00000078 E8FD9FFF        ldmia            sp!, {r0-r12, pc}^
   56 0000007C         
   57 0000007C         halt
   58 0000007C EAFFFFFE        b                halt
   59 00000080         
   60 00000080         
   61 00000080 00000000 
                       TopOfROM
                               DCD              |Image$$ER_ROM1$$RO$$Limit|
   62 00000084 00000000 
                       BaseOfBSS
                               DCD              |Image$$RW_RAM1$$RW$$Base|
   63 00000088 00000000 
                       BaseOfZero
                               DCD              |Image$$RW_RAM1$$ZI$$Base|
   64 0000008C 00000000 
                       EndOfBSS
                               DCD              |Image$$RW_RAM1$$ZI$$Limit|
   65 00000090         
   66 00000090         
   67 00000090                 END
              32100000 
              31100000 
Command Line: --debug --xref --cpu=ARM926EJ-S --depend=.\output\start.d -o.\out
put\start.o -IF:\Keil\Keil4\ARM\RV31\INC -IF:\Keil\Keil4\ARM\CMSIS\Include --li
st=.\listing\start.lst start.s



ARM Macro Assembler    Page 1 Alphabetic symbol ordering
Relocatable symbols

 00000044

Symbol: 
   Definitions
      None
   Uses
      None
Warning:  undefinedComment:  unused
 0000005C

Symbol: 
   Definitions
      None
   Uses
      None
Warning:  undefinedComment:  unused
BaseOfBSS 00000084

Symbol: BaseOfBSS
   Definitions
      At line 62 in file start.s
   Uses
      At line 29 in file start.s
Comment: BaseOfBSS used once
BaseOfZero 00000088

Symbol: BaseOfZero
   Definitions
      At line 63 in file start.s
   Uses
      At line 30 in file start.s
Comment: BaseOfZero used once
EndOfBSS 0000008C

Symbol: EndOfBSS
   Definitions
      At line 64 in file start.s
   Uses
      At line 38 in file start.s
Comment: EndOfBSS used once
Init 00000000

Symbol: Init
   Definitions
      At line 1 in file start.s
   Uses
      None
Comment: Init unused
TopOfROM 00000080

Symbol: TopOfROM
   Definitions
      At line 61 in file start.s
   Uses
      At line 28 in file start.s
Comment: TopOfROM used once
_irq 0000006C

Symbol: _irq



ARM Macro Assembler    Page 2 Alphabetic symbol ordering
Relocatable symbols

   Definitions
      At line 50 in file start.s
   Uses
      At line 15 in file start.s
Comment: _irq used once
halt 0000007C

Symbol: halt
   Definitions
      At line 57 in file start.s
   Uses
      At line 10 in file start.s
      At line 11 in file start.s
      At line 12 in file start.s
      At line 13 in file start.s
      At line 14 in file start.s
      At line 16 in file start.s
      At line 58 in file start.s

reset 00000020

Symbol: reset
   Definitions
      At line 18 in file start.s
   Uses
      At line 9 in file start.s
Comment: reset used once
10 symbols



ARM Macro Assembler    Page 1 Alphabetic symbol ordering
External symbols

Image$$ER_ROM1$$RO$$Limit 00000000

Symbol: Image$$ER_ROM1$$RO$$Limit
   Definitions
      At line 3 in file start.s
   Uses
      At line 61 in file start.s
Comment: Image$$ER_ROM1$$RO$$Limit used once
Image$$RW_RAM1$$RW$$Base 00000000

Symbol: Image$$RW_RAM1$$RW$$Base
   Definitions
      At line 4 in file start.s
   Uses
      At line 62 in file start.s
Comment: Image$$RW_RAM1$$RW$$Base used once
Image$$RW_RAM1$$ZI$$Base 00000000

Symbol: Image$$RW_RAM1$$ZI$$Base
   Definitions
      At line 5 in file start.s
   Uses
      At line 63 in file start.s
Comment: Image$$RW_RAM1$$ZI$$Base used once
Image$$RW_RAM1$$ZI$$Limit 00000000

Symbol: Image$$RW_RAM1$$ZI$$Limit
   Definitions
      At line 6 in file start.s
   Uses
      At line 64 in file start.s
Comment: Image$$RW_RAM1$$ZI$$Limit used once
Main 00000000

Symbol: Main
   Definitions
      At line 47 in file start.s
   Uses
      At line 48 in file start.s
Comment: Main used once
do_irq 00000000

Symbol: do_irq
   Definitions
      At line 53 in file start.s
   Uses
      At line 54 in file start.s
Comment: do_irq used once
6 symbols
348 symbols in table
